[    0.000000] Initializing cgroup subsys cpuset
[    0.000000] Initializing cgroup subsys cpu
[    0.000000] Initializing cgroup subsys cpuacct
[    0.000000] Linux version 4.4.0-210-generic (buildd@lgw01-amd64-009) (gcc version 5.4.0 20160609 (Ubuntu 5.4.0-6ubuntu1~16.04.12) ) #242-Ubuntu SMP Fri Apr 16 09:57:56 UTC 2021 (Ubuntu 4.4.0-210.242-generic 4.4.262)
[    0.000000] Command line: BOOT_IMAGE=/boot/vmlinuz-4.4.0-210-generic root=LABEL=cloudimg-rootfs ro console=tty1 console=ttyS0
[    0.000000] KERNEL supported cpus:
[    0.000000]   Intel GenuineIntel
[    0.000000]   AMD AuthenticAMD
[    0.000000]   Centaur CentaurHauls
[    0.000000] x86/fpu: xstate_offset[2]:  576, xstate_sizes[2]:  256
[    0.000000] x86/fpu: Supporting XSAVE feature 0x01: 'x87 floating point registers'
[    0.000000] x86/fpu: Supporting XSAVE feature 0x02: 'SSE registers'
[    0.000000] x86/fpu: Supporting XSAVE feature 0x04: 'AVX registers'
[    0.000000] x86/fpu: Enabled xstate features 0x7, context size is 832 bytes, using 'standard' format.
[    0.000000] e820: BIOS-provided physical RAM map:
[    0.000000] BIOS-e820: [mem 0x0000000000000000-0x000000000009fbff] usable
[    0.000000] BIOS-e820: [mem 0x000000000009fc00-0x000000000009ffff] reserved
[    0.000000] BIOS-e820: [mem 0x00000000000f0000-0x00000000000fffff] reserved
[    0.000000] BIOS-e820: [mem 0x0000000000100000-0x000000003ffeffff] usable
[    0.000000] BIOS-e820: [mem 0x000000003fff0000-0x000000003fffffff] ACPI data
[    0.000000] BIOS-e820: [mem 0x00000000fec00000-0x00000000fec00fff] reserved
[    0.000000] BIOS-e820: [mem 0x00000000fee00000-0x00000000fee00fff] reserved
[    0.000000] BIOS-e820: [mem 0x00000000fffc0000-0x00000000ffffffff] reserved
[    0.000000] NX (Execute Disable) protection: active
[    0.000000] SMBIOS 2.5 present.
[    0.000000] Hypervisor detected: KVM
[    0.000000] e820: last_pfn = 0x3fff0 max_arch_pfn = 0x400000000
[    0.000000] MTRR: Disabled
[    0.000000] x86/PAT: MTRRs disabled, skipping PAT initialization too.
[    0.000000] CPU MTRRs all blank - virtualized system.
[    0.000000] x86/PAT: Configuration [0-7]: WB  WT  UC- UC  WB  WT  UC- UC  
[    0.000000] found SMP MP-table at [mem 0x0009fff0-0x0009ffff] mapped at [ffff88000009fff0]
[    0.000000] Scanning 1 areas for low memory corruption
[    0.000000] RAMDISK: [mem 0x362dc000-0x37165fff]
[    0.000000] ACPI: Early table checksum verification disabled
[    0.000000] ACPI: RSDP 0x00000000000E0000 000024 (v02 VBOX  )
[    0.000000] ACPI: XSDT 0x000000003FFF0030 00003C (v01 VBOX   VBOXXSDT 00000001 ASL  00000061)
[    0.000000] ACPI: FACP 0x000000003FFF00F0 0000F4 (v04 VBOX   VBOXFACP 00000001 ASL  00000061)
[    0.000000] ACPI: DSDT 0x000000003FFF0470 002325 (v02 VBOX   VBOXBIOS 00000002 INTL 20100528)
[    0.000000] ACPI: FACS 0x000000003FFF0200 000040
[    0.000000] ACPI: FACS 0x000000003FFF0200 000040
[    0.000000] ACPI: APIC 0x000000003FFF0240 00005C (v02 VBOX   VBOXAPIC 00000001 ASL  00000061)
[    0.000000] ACPI: SSDT 0x000000003FFF02A0 0001CC (v01 VBOX   VBOXCPUT 00000002 INTL 20100528)
[    0.000000] No NUMA configuration found
[    0.000000] Faking a node at [mem 0x0000000000000000-0x000000003ffeffff]
[    0.000000] NODE_DATA(0) allocated [mem 0x3ffeb000-0x3ffeffff]
[    0.000000] kvm-clock: Using msrs 4b564d01 and 4b564d00
[    0.000000] kvm-clock: cpu 0, msr 0:3ffe3001, primary cpu clock
[    0.000000] kvm-clock: using sched offset of 3501107794 cycles
[    0.000000] clocksource: kvm-clock: mask: 0xffffffffffffffff max_cycles: 0x1cd42e4dffb, max_idle_ns: 881590591483 ns
[    0.000000] Zone ranges:
[    0.000000]   DMA      [mem 0x0000000000001000-0x0000000000ffffff]
[    0.000000]   DMA32    [mem 0x0000000001000000-0x000000003ffeffff]
[    0.000000]   Normal   empty
[    0.000000]   Device   empty
[    0.000000] Movable zone start for each node
[    0.000000] Early memory node ranges
[    0.000000]   node   0: [mem 0x0000000000001000-0x000000000009efff]
[    0.000000]   node   0: [mem 0x0000000000100000-0x000000003ffeffff]
[    0.000000] Initmem setup node 0 [mem 0x0000000000001000-0x000000003ffeffff]
[    0.000000] ACPI: PM-Timer IO Port: 0x4008
[    0.000000] IOAPIC[0]: apic_id 2, version 32, address 0xfec00000, GSI 0-23
[    0.000000] ACPI: INT_SRC_OVR (bus 0 bus_irq 0 global_irq 2 dfl dfl)
[    0.000000] ACPI: INT_SRC_OVR (bus 0 bus_irq 9 global_irq 9 low level)
[    0.000000] Using ACPI (MADT) for SMP configuration information
[    0.000000] smpboot: Allowing 2 CPUs, 0 hotplug CPUs
[    0.000000] PM: Registered nosave memory: [mem 0x00000000-0x00000fff]
[    0.000000] PM: Registered nosave memory: [mem 0x0009f000-0x0009ffff]
[    0.000000] PM: Registered nosave memory: [mem 0x000a0000-0x000effff]
[    0.000000] PM: Registered nosave memory: [mem 0x000f0000-0x000fffff]
[    0.000000] e820: [mem 0x40000000-0xfebfffff] available for PCI devices
[    0.000000] Booting paravirtualized kernel on KVM
[    0.000000] clocksource: refined-jiffies: mask: 0xffffffff max_cycles: 0xffffffff, max_idle_ns: 7645519600211568 ns
[    0.000000] setup_percpu: NR_CPUS:512 nr_cpumask_bits:512 nr_cpu_ids:2 nr_node_ids:1
[    0.000000] PERCPU: Embedded 33 pages/cpu @ffff88003fc00000 s95192 r8192 d31784 u1048576
[    0.000000] Built 1 zonelists in Node order, mobility grouping on.  Total pages: 257912
[    0.000000] Policy zone: DMA32
[    0.000000] Kernel command line: BOOT_IMAGE=/boot/vmlinuz-4.4.0-210-generic root=LABEL=cloudimg-rootfs ro console=tty1 console=ttyS0
[    0.000000] PID hash table entries: 4096 (order: 3, 32768 bytes)
[    0.000000] Memory: 997792K/1048120K available (8644K kernel code, 1332K rwdata, 4044K rodata, 1492K init, 1164K bss, 50328K reserved, 0K cma-reserved)
[    0.000000] SLUB: HWalign=64, Order=0-3, MinObjects=0, CPUs=2, Nodes=1
[    0.000000] Kernel/User page tables isolation: enabled
[    0.000000] Hierarchical RCU implementation.
[    0.000000] 	Build-time adjustment of leaf fanout to 64.
[    0.000000] 	RCU restricting CPUs from NR_CPUS=512 to nr_cpu_ids=2.
[    0.000000] RCU: Adjusting geometry for rcu_fanout_leaf=64, nr_cpu_ids=2
[    0.000000] NR_IRQS:33024 nr_irqs:440 16
[    0.000000] Console: colour VGA+ 80x25
[    0.000000] console [tty1] enabled
[    0.000000] console [ttyS0] enabled
[    0.000000] tsc: Detected 2904.000 MHz processor
[    0.186885] Calibrating delay loop (skipped) preset value.. 5808.00 BogoMIPS (lpj=11616000)
[    0.189013] pid_max: default: 32768 minimum: 301
[    0.190217] ACPI: Core revision 20150930
[    0.192965] ACPI: 2 ACPI AML tables successfully acquired and loaded
[    0.194595] Security Framework initialized
[    0.195643] Yama: becoming mindful.
[    0.196616] AppArmor: AppArmor initialized
[    0.197713] Dentry cache hash table entries: 131072 (order: 8, 1048576 bytes)
[    0.199745] Inode-cache hash table entries: 65536 (order: 7, 524288 bytes)
[    0.201432] Mount-cache hash table entries: 2048 (order: 2, 16384 bytes)
[    0.202890] Mountpoint-cache hash table entries: 2048 (order: 2, 16384 bytes)
[    0.205049] Initializing cgroup subsys io
[    0.206425] Initializing cgroup subsys memory
[    0.207621] Initializing cgroup subsys devices
[    0.208846] Initializing cgroup subsys freezer
[    0.210260] Initializing cgroup subsys net_cls
[    0.211670] Initializing cgroup subsys perf_event
[    0.212791] Initializing cgroup subsys net_prio
[    0.214003] Initializing cgroup subsys hugetlb
[    0.215579] Initializing cgroup subsys pids
[    0.217988] mce: CPU supports 0 MCE banks
[    0.219187] Last level iTLB entries: 4KB 64, 2MB 8, 4MB 8
[    0.220475] Last level dTLB entries: 4KB 64, 2MB 0, 4MB 0, 1GB 4
[    0.221909] Spectre V1 : Mitigation: usercopy/swapgs barriers and __user pointer sanitization
[    0.224027] Spectre V2 : Mitigation: Full generic retpoline
[    0.225460] Spectre V2 : Spectre v2 / SpectreRSB mitigation: Filling RSB on context switch
[    0.228013] Speculative Store Bypass: Vulnerable
[    0.229368] SRBDS: Unknown: Dependent on hypervisor status
[    0.230757] MDS: Mitigation: Clear CPU buffers
[    0.235183] Freeing SMP alternatives memory: 36K
[    0.244424] ftrace: allocating 32380 entries in 127 pages
[    0.320632] smpboot: APIC(0) Converting physical 0 to logical package 0
[    0.323077] smpboot: Max logical packages: 1
[    0.324751] x2apic enabled
[    0.326242] Switched APIC routing to physical x2apic.
[    0.330187] ..TIMER: vector=0x30 apic1=0 pin1=2 apic2=-1 pin2=-1
[    0.440716] smpboot: CPU0: Intel(R) Core(TM) i7-7820HK CPU @ 2.90GHz (family: 0x6, model: 0x9e, stepping: 0x9)
[    0.443598] Performance Events: unsupported p6 CPU model 158 no PMU driver, software events only.
[    0.455893] KVM setup paravirtual spinlock
[    0.457680] x86: Booting SMP configuration:
[    0.459017] .... node  #0, CPUs:      #1
[    0.460409] kvm-clock: cpu 1, msr 0:3ffe3041, secondary cpu clock
[    0.462906] mce: CPU supports 0 MCE banks
[    0.465583] x86: Booted up 1 node, 2 CPUs
[    0.467157] smpboot: Total of 2 processors activated (11616.00 BogoMIPS)
[    0.469496] devtmpfs: initialized
[    0.472437] evm: security.selinux
[    0.473388] evm: security.SMACK64
[    0.474488] evm: security.SMACK64EXEC
[    0.475835] evm: security.SMACK64TRANSMUTE
[    0.477069] evm: security.SMACK64MMAP
[    0.478218] evm: security.ima
[    0.479087] evm: security.capability
[    0.480546] clocksource: jiffies: mask: 0xffffffff max_cycles: 0xffffffff, max_idle_ns: 7645041785100000 ns
[    0.483302] futex hash table entries: 512 (order: 3, 32768 bytes)
[    0.484995] pinctrl core: initialized pinctrl subsystem
[    0.486926] RTC time: 16:32:54, date: 04/22/22
[    0.488553] NET: Registered protocol family 16
[    0.503367] cpuidle: using governor ladder
[    0.515048] cpuidle: using governor menu
[    0.516129] PCCT header not found.
[    0.517182] ACPI: bus type PCI registered
[    0.518215] acpiphp: ACPI Hot Plug PCI Controller Driver version: 0.5
[    0.519753] PCI: Using configuration type 1 for base access
[    0.536783] ACPI: Added _OSI(Module Device)
[    0.538012] ACPI: Added _OSI(Processor Device)
[    0.539315] ACPI: Added _OSI(3.0 _SCP Extensions)
[    0.540671] ACPI: Added _OSI(Processor Aggregator Device)
[    0.543185] ACPI: Executed 1 blocks of module-level executable AML code
[    0.547715] ACPI: Interpreter enabled
[    0.548845] ACPI: (supports S0 S5)
[    0.550341] ACPI: Using IOAPIC for interrupt routing
[    0.552276] PCI: Using host bridge windows from ACPI; if necessary, use "pci=nocrs" and report a bug
[    0.558327] ACPI: PCI Root Bridge [PCI0] (domain 0000 [bus 00-ff])
[    0.560684] acpi PNP0A03:00: _OSC: OS supports [ASPM ClockPM Segments MSI]
[    0.563927] acpi PNP0A03:00: _OSC: not requesting OS control; OS requires [ExtendedConfig ASPM ClockPM MSI]
[    0.566477] acpi PNP0A03:00: fail to add MMCONFIG information, can't access extended PCI configuration space under this bridge.
[    0.570278] PCI host bridge to bus 0000:00
[    0.571388] pci_bus 0000:00: root bus resource [io  0x0000-0x0cf7 window]
[    0.572899] pci_bus 0000:00: root bus resource [io  0x0d00-0xffff window]
[    0.574807] pci_bus 0000:00: root bus resource [mem 0x000a0000-0x000bffff window]
[    0.577420] pci_bus 0000:00: root bus resource [mem 0x40000000-0xfdffffff window]
[    0.579585] pci_bus 0000:00: root bus resource [bus 00-ff]
[    0.582973] pci 0000:00:01.1: legacy IDE quirk: reg 0x10: [io  0x01f0-0x01f7]
[    0.584781] pci 0000:00:01.1: legacy IDE quirk: reg 0x14: [io  0x03f6]
[    0.586282] pci 0000:00:01.1: legacy IDE quirk: reg 0x18: [io  0x0170-0x0177]
[    0.601076] pci 0000:00:01.1: legacy IDE quirk: reg 0x1c: [io  0x0376]
[    0.618630] pci 0000:00:07.0: quirk: [io  0x4000-0x403f] claimed by PIIX4 ACPI
[    0.620529] pci 0000:00:07.0: quirk: [io  0x4100-0x410f] claimed by PIIX4 SMB
[    0.633416] ACPI: PCI Interrupt Link [LNKA] (IRQs 5 9 10 *11)
[    0.635908] ACPI: PCI Interrupt Link [LNKB] (IRQs 5 9 *10 11)
[    0.638166] ACPI: PCI Interrupt Link [LNKC] (IRQs 5 *9 10 11)
[    0.640220] ACPI: PCI Interrupt Link [LNKD] (IRQs 5 9 10 *11)
[    0.642204] ACPI: Enabled 2 GPEs in block 00 to 07
[    0.643704] vgaarb: setting as boot device: PCI:0000:00:02.0
[    0.645323] vgaarb: device added: PCI:0000:00:02.0,decodes=io+mem,owns=io+mem,locks=none
[    0.647571] vgaarb: loaded
[    0.648680] vgaarb: bridge control possible 0000:00:02.0
[    0.650184] SCSI subsystem initialized
[    0.651272] ACPI: bus type USB registered
[    0.652308] usbcore: registered new interface driver usbfs
[    0.653610] usbcore: registered new interface driver hub
[    0.655088] usbcore: registered new device driver usb
[    0.657176] PCI: Using ACPI for IRQ routing
[    0.658882] NetLabel: Initializing
[    0.660207] NetLabel:  domain hash size = 128
[    0.661471] NetLabel:  protocols = UNLABELED CIPSOv4
[    0.662975] NetLabel:  unlabeled traffic allowed by default
[    0.665317] amd_nb: Cannot enumerate AMD northbridges
[    0.666818] clocksource: Switched to clocksource kvm-clock
[    0.673978] AppArmor: AppArmor Filesystem Enabled
[    0.675683] pnp: PnP ACPI init
[    0.678053] pnp: PnP ACPI: found 3 devices
[    0.687977] clocksource: acpi_pm: mask: 0xffffff max_cycles: 0xffffff, max_idle_ns: 2085701024 ns
[    0.690268] NET: Registered protocol family 2
[    0.692415] TCP established hash table entries: 8192 (order: 4, 65536 bytes)
[    0.694605] TCP bind hash table entries: 8192 (order: 5, 131072 bytes)
[    0.696470] TCP: Hash tables configured (established 8192 bind 8192)
[    0.698105] UDP hash table entries: 512 (order: 2, 16384 bytes)
[    0.699762] UDP-Lite hash table entries: 512 (order: 2, 16384 bytes)
[    0.701545] NET: Registered protocol family 1
[    0.702786] pci 0000:00:00.0: Limiting direct PCI/PCI transfers
[    0.704436] pci 0000:00:01.0: Activating ISA DMA hang workarounds
[    0.706061] Unpacking initramfs...
[    0.896901] Freeing initrd memory: 14888K
[    0.898056] clocksource: tsc: mask: 0xffffffffffffffff max_cycles: 0x29dc05e54fc, max_idle_ns: 440795291716 ns
[    0.900652] platform rtc_cmos: registered platform RTC device (no PNP device found)
[    0.902776] Scanning for low memory corruption every 60 seconds
[    0.905103] audit: initializing netlink subsys (disabled)
[    0.906596] audit: type=2000 audit(1650645179.827:1): initialized
[    0.908512] Initialise system trusted keyring
[    0.910164] HugeTLB registered 2 MB page size, pre-allocated 0 pages
[    0.914627] zbud: loaded
[    0.916686] VFS: Disk quotas dquot_6.6.0
[    0.917856] VFS: Dquot-cache hash table entries: 512 (order 0, 4096 bytes)
[    0.919924] squashfs: version 4.0 (2009/01/31) Phillip Lougher
[    0.921910] fuse init (API version 7.23)
[    0.923143] Key type big_key registered
[    0.924156] Allocating IMA MOK and blacklist keyrings.
[    0.927882] Key type asymmetric registered
[    0.929027] Asymmetric key parser 'x509' registered
[    0.930389] Block layer SCSI generic (bsg) driver version 0.4 loaded (major 249)
[    0.932589] io scheduler noop registered
[    0.933699] io scheduler deadline registered (default)
[    0.935115] io scheduler cfq registered
[    0.937205] pci_hotplug: PCI Hot Plug PCI Core version: 0.5
[    0.940038] pciehp: PCI Express Hot Plug Controller Driver version: 0.4
[    0.942033] ACPI: AC Adapter [AC] (on-line)
[    0.943332] input: Power Button as /devices/LNXSYSTM:00/LNXPWRBN:00/input/input0
[    0.945473] ACPI: Power Button [PWRF]
[    0.946517] input: Sleep Button as /devices/LNXSYSTM:00/LNXSLPBN:00/input/input1
[    0.948586] ACPI: Sleep Button [SLPF]
[    0.949742] GHES: HEST is not enabled!
[    0.950607] ACPI: Battery Slot [BAT0] (battery present)
[    0.952560] Serial: 8250/16550 driver, 32 ports, IRQ sharing enabled
[    0.974954] 00:02: ttyS0 at I/O 0x3f8 (irq = 4, base_baud = 115200) is a 16550A
[    0.980045] Linux agpgart interface v0.103
[    0.982851] loop: module loaded
[    0.984632] scsi host0: ata_piix
[    0.985757] scsi host1: ata_piix
[    0.987102] ata1: PATA max UDMA/33 cmd 0x1f0 ctl 0x3f6 bmdma 0xd000 irq 14
[    0.988661] ata2: PATA max UDMA/33 cmd 0x170 ctl 0x376 bmdma 0xd008 irq 15
[    0.990694] libphy: Fixed MDIO Bus: probed
[    0.992006] tun: Universal TUN/TAP device driver, 1.6
[    0.993335] tun: (C) 1999-2004 Max Krasnyansky <maxk@qualcomm.com>
[    0.995165] PPP generic driver version 2.4.2
[    0.996628] ehci_hcd: USB 2.0 'Enhanced' Host Controller (EHCI) Driver
[    0.998640] ehci-pci: EHCI PCI platform driver
[    1.000005] ehci-platform: EHCI generic platform driver
[    1.001421] ohci_hcd: USB 1.1 'Open' Host Controller (OHCI) Driver
[    1.003173] ohci-pci: OHCI PCI platform driver
[    1.004644] ohci-platform: OHCI generic platform driver
[    1.006050] uhci_hcd: USB Universal Host Controller Interface driver
[    1.009188] i8042: PNP: PS/2 Controller [PNP0303:PS2K,PNP0f03:PS2M] at 0x60,0x64 irq 1,12
[    1.012183] serio: i8042 KBD port at 0x60,0x64 irq 1
[    1.013616] serio: i8042 AUX port at 0x60,0x64 irq 12
[    1.015198] mousedev: PS/2 mouse device common for all mice
[    1.017250] input: AT Translated Set 2 keyboard as /devices/platform/i8042/serio0/input/input2
[    1.020187] rtc_cmos rtc_cmos: rtc core: registered rtc_cmos as rtc0
[    1.021704] rtc_cmos rtc_cmos: alarms up to one day, 114 bytes nvram
[    1.024099] i2c /dev entries driver
[    1.025333] device-mapper: uevent: version 1.0.3
[    1.026963] device-mapper: ioctl: 4.34.0-ioctl (2015-10-28) initialised: dm-devel@redhat.com
[    1.029357] ledtrig-cpu: registered to indicate activity on CPUs
[    1.031291] NET: Registered protocol family 10
[    1.032575] NET: Registered protocol family 17
[    1.033724] Key type dns_resolver registered
[    1.035150] registered taskstats version 1
[    1.036274] Loading compiled-in X.509 certificates
[    1.037917] Loaded X.509 cert 'Build time autogenerated kernel key: cf00e047681d67edb2720680708b7d9498083038'
[    1.040655] zswap: loaded using pool lzo/zbud
[    1.043793] Key type trusted registered
[    1.047639] Key type encrypted registered
[    1.048979] AppArmor: AppArmor sha1 policy hashing enabled
[    1.050912] ima: No TPM chip found, activating TPM-bypass!
[    1.052562] ima: Allocated hash algorithm: sha1
[    1.053835] evm: HMAC attrs: 0x1
[    1.055219]   Magic number: 2:815:540
[    1.056396]  node: hash matches
[    1.057468] rtc_cmos rtc_cmos: setting system clock to 2022-04-22 16:32:55 UTC (1650645175)
[    1.060424] BIOS EDD facility v0.16 2004-Jun-25, 0 devices found
[    1.062207] EDD information not available.
[    1.175123] Freeing unused kernel memory: 1492K
[    1.177254] Write protecting the kernel read-only data: 14336k
[    1.180058] Freeing unused kernel memory: 1584K
[    1.182000] Freeing unused kernel memory: 52K
Loading, please wait...
starting version 229
[    1.201573] random: systemd-udevd: uninitialized urandom read (16 bytes read, 3 bits of entropy available)
[    1.202511] random: udevadm: uninitialized urandom read (16 bytes read, 3 bits of entropy available)
[    1.202536] random: udevadm: uninitialized urandom read (16 bytes read, 3 bits of entropy available)
[    1.211631] random: systemd-udevd: uninitialized urandom read (16 bytes read, 3 bits of entropy available)
[    1.214765] random: udevadm: uninitialized urandom read (16 bytes read, 3 bits of entropy available)
[    1.214812] random: udevadm: uninitialized urandom read (16 bytes read, 3 bits of entropy available)
[    1.215061] random: udevadm: uninitialized urandom read (16 bytes read, 3 bits of entropy available)
[    1.215142] random: udevadm: uninitialized urandom read (16 bytes read, 3 bits of entropy available)
[    1.215213] random: udevadm: uninitialized urandom read (16 bytes read, 3 bits of entropy available)
[    1.215291] random: udevadm: uninitialized urandom read (16 bytes read, 3 bits of entropy available)
[    1.290071] Fusion MPT base driver 3.04.20
[    1.291600] Copyright (c) 1999-2008 LSI Corporation
[    1.296813] e1000: Intel(R) PRO/1000 Network Driver - version 7.3.21-k8-NAPI
[    1.298678] e1000: Copyright (c) 1999-2006 Intel Corporation.
[    1.339150] AVX2 version of gcm_enc/dec engaged.
[    1.340925] AES CTR mode by8 optimization enabled
[    1.349265] Fusion MPT SPI Host driver 3.04.20
[    1.500835] input: ImExPS/2 Generic Explorer Mouse as /devices/platform/i8042/serio1/input/input4
[    1.717888] e1000 0000:00:03.0 eth0: (PCI:33MHz:32-bit) 02:be:82:6b:cc:1d
[    1.719655] e1000 0000:00:03.0 eth0: Intel(R) PRO/1000 Network Connection
[    2.118032] e1000 0000:00:08.0 eth1: (PCI:33MHz:32-bit) 08:00:27:16:39:d3
[    2.120726] e1000 0000:00:08.0 eth1: Intel(R) PRO/1000 Network Connection
[    2.125050] e1000 0000:00:08.0 enp0s8: renamed from eth1
[    2.128670] mptbase: ioc0: Initiating bringup
[    2.165090] e1000 0000:00:03.0 enp0s3: renamed from eth0
[    2.211731] ioc0: LSI53C1030 A0: Capabilities={Initiator}
[    2.374544] scsi host2: ioc0: LSI53C1030 A0, FwRev=00000000h, Ports=1, MaxQ=256, IRQ=20
[    2.492723] scsi 2:0:0:0: Direct-Access     VBOX     HARDDISK         1.0  PQ: 0 ANSI: 5
[    2.496120] scsi target2:0:0: Beginning Domain Validation
[    2.499784] scsi target2:0:0: Domain Validation skipping write tests
[    2.501469] scsi target2:0:0: Ending Domain Validation
[    2.503100] scsi target2:0:0: asynchronous
[    2.505231] scsi 2:0:1:0: Direct-Access     VBOX     HARDDISK         1.0  PQ: 0 ANSI: 5
[    2.521369] scsi target2:0:1: Beginning Domain Validation
[    2.524495] scsi target2:0:1: Domain Validation skipping write tests
[    2.526794] scsi target2:0:1: Ending Domain Validation
[    2.528640] scsi target2:0:1: asynchronous
[    2.535417] sd 2:0:0:0: Attached scsi generic sg0 type 0
[    2.536955] sd 2:0:0:0: [sda] 83886080 512-byte logical blocks: (42.9 GB/40.0 GiB)
[    2.539273] sd 2:0:0:0: [sda] Write Protect is off
[    2.540547] sd 2:0:1:0: Attached scsi generic sg1 type 0
[    2.542190] sd 2:0:1:0: [sdb] 20480 512-byte logical blocks: (10.5 MB/10.0 MiB)
[    2.542351] sd 2:0:0:0: [sda] Incomplete mode parameter data
[    2.542352] sd 2:0:0:0: [sda] Assuming drive cache: write through
[    2.549856] sd 2:0:1:0: [sdb] Write Protect is off
[    2.551702] sd 2:0:1:0: [sdb] Incomplete mode parameter data
[    2.553302] sd 2:0:1:0: [sdb] Assuming drive cache: write through
[    2.554227]  sda: sda1
[    2.555340] sd 2:0:0:0: [sda] Attached SCSI disk
[    2.567613] sd 2:0:1:0: [sdb] Attached SCSI disk
Begin: Loading essential drivers ... [    4.064613] md: linear personality registered for level -1
[    4.068475] md: multipath personality registered for level -4
[    4.072101] md: raid0 personality registered for level 0
[    4.077412] md: raid1 personality registered for level 1
[    4.146930] raid6: sse2x1   gen() 10244 MB/s
[    4.214825] raid6: sse2x1   xor()  7771 MB/s
[    4.282978] raid6: sse2x2   gen() 11151 MB/s
[    4.350915] raid6: sse2x2   xor()  9160 MB/s
[    4.418947] raid6: sse2x4   gen() 12019 MB/s
[    4.486979] raid6: sse2x4   xor()  9580 MB/s
[    4.554921] raid6: avx2x1   gen() 21489 MB/s
[    4.622939] raid6: avx2x2   gen() 24445 MB/s
[    4.690952] raid6: avx2x4   gen() 18170 MB/s
[    4.692386] raid6: using algorithm avx2x2 gen() 24445 MB/s
[    4.693865] raid6: using avx2x2 recovery algorithm
[    4.696899] xor: automatically using best checksumming function:
[    4.734974]    avx       : 24694.000 MB/sec
[    4.737157] async_tx: api initialized (async)
[    4.747327] md: raid6 personality registered for level 6
[    4.748869] md: raid5 personality registered for level 5
[    4.750178] md: raid4 personality registered for level 4
[    4.757774] md: raid10 personality registered for level 10
done.
Begin: Running /scripts/init-premount ... done.
Begin: Mounting root file system ... Begin: Running /scripts/local-top ... done.
Begin: Running /scripts/local-premount ... [    4.789347] Btrfs loaded
Scanning for Btrfs filesystems
done.
Warning: fsck not present, so skipping root file system
[    4.820315] EXT4-fs (sda1): mounted filesystem with ordered data mode. Opts: (null)
done.
Begin: Running /scripts/local-bottom ... done.
Begin: Running /scripts/init-bottom ... done.
[    4.927857] systemd[1]: systemd 229 running in system mode. (+PAM +AUDIT +SELINUX +IMA +APPARMOR +SMACK +SYSVINIT +UTMP +LIBCRYPTSETUP +GCRYPT +GNUTLS +ACL +XZ -LZ4 +SECCOMP +BLKID +ELFUTILS +KMOD -IDN)
[    4.932627] systemd[1]: Detected virtualization oracle.
[    4.933960] systemd[1]: Detected architecture x86-64.

Welcome to [1mUbuntu 16.04.7 LTS[0m!

[    4.944173] systemd[1]: Set hostname to <ubuntu>.
[    4.948309] systemd[1]: Initializing machine ID from random generator.
[    4.953449] systemd[1]: Installed transient /etc/machine-id file.
[    5.081075] systemd[1]: Listening on udev Kernel Socket.
[[0;32m  OK  [0m] Listening on udev Kernel Socket.
[    5.083474] systemd[1]: Reached target Encrypted Volumes.
[[0;32m  OK  [0m] Reached target Encrypted Volumes.
[    5.086007] systemd[1]: Listening on Syslog Socket.
[[0;32m  OK  [0m] Listening on Syslog Socket.
[    5.088513] systemd[1]: Created slice User and Session Slice.
[[0;32m  OK  [0m] Created slice User and Session Slice.
[    5.091605] systemd[1]: Listening on Journal Audit Socket.
[[0;32m  OK  [0m] Listening on Journal Audit Socket.
[    5.094183] systemd[1]: Listening on udev Control Socket.
[[0;32m  OK  [0m] Listening on udev Control Socket.
[    5.371250] systemd[1]: Listening on Device-mapper event daemon FIFOs.
[[0;32m  OK  [0m] Listening on Device-mapper event daemon FIFOs.
[    5.374200] systemd[1]: Listening on LVM2 poll daemon socket.
[[0;32m  OK  [0m] Listening on LVM2 poll daemon socket.
[    5.377172] systemd[1]: Set up automount Arbitrary Executable File Formats File System Automount Point.
[[0;32m  OK  [0m] Set up automount Arbitrary Executab...ats File System Automount Point.
[    5.381471] systemd[1]: Created slice System Slice.
[[0;32m  OK  [0m] Created slice System Slice.
[    5.384391] systemd[1]: Created slice system-serial\x2dgetty.slice.
[[0;32m  OK  [0m] Created slice system-serial\x2dgetty.slice.
[    5.387250] systemd[1]: Started Trigger resolvconf update for networkd DNS.
[[0;32m  OK  [0m] Started Trigger resolvconf update for networkd DNS.
[    5.390704] systemd[1]: Reached target User and Group Name Lookups.
[[0;32m  OK  [0m] Reached target User and Group Name Lookups.
[    5.393867] systemd[1]: Listening on /dev/initctl Compatibility Named Pipe.
[[0;32m  OK  [0m] Listening on /dev/initctl Compatibility Named Pipe.
[    5.396611] systemd[1]: Listening on fsck to fsckd communication Socket.
[[0;32m  OK  [0m] Listening on fsck to fsckd communication Socket.
[    5.480807] systemd[1]: Reached target System Time Synchronized.
[[0;32m  OK  [0m] Reached target System Time Synchronized.
[    5.483688] systemd[1]: Reached target Swap.
[[0;32m  OK  [0m] Reached target Swap.
[    5.485902] systemd[1]: Listening on LVM2 metadata daemon socket.
[[0;32m  OK  [0m] Listening on LVM2 metadata daemon socket.
[    5.490578] systemd[1]: Listening on Journal Socket.
[[0;32m  OK  [0m] Listening on Journal Socket.
[    5.503934] systemd[1]: Mounting Debug File System...
         Mounting Debug File System...
[    5.511950] systemd[1]: Starting Monitoring of LVM2 mirrors, snapshots etc. using dmeventd or progress polling...
         Starting Monitoring of LVM2 mirrors... dmeventd or progress polling...
[    5.516896] systemd[1]: Starting Nameserver information manager...
         Starting Nameserver information manager...
[    5.521100] systemd[1]: Starting Create list of required static device nodes for the current kernel...
         Starting Create list of required st... nodes for the current kernel...
[    5.527905] systemd[1]: Mounting POSIX Message Queue File System...
         Mounting POSIX Message Queue File System...
[    5.533384] systemd[1]: Starting File System Check on Root Device...
         Starting File System Check on Root Device...
[    5.537586] systemd[1]: Starting Uncomplicated firewall...
         Starting Uncomplicated firewall...
[    5.543693] systemd[1]: Starting Load Kernel Modules...
         Starting Load Kernel Modules...
[    5.546273] systemd[1]: Started Forward Password Requests to Wall Directory Watch.
[[0;32m  OK  [0m] Started Forward Password Requests to Wall Directory Watch.
[    5.552864] systemd[1]: Mounting Huge Pages File System...
         Mounting Huge Pages File System...
[    5.556496] systemd[1]: Listening on Journal Socket (/dev/log).
[[0;32m  OK  [0m] Listening on Journal Socket (/dev/log).
[    5.561681] systemd[1]: Starting Journal Service...
[    5.563718] Loading iSCSI transport class v2.0-870.
         Starting Journal Service...
[    5.566333] systemd[1]: Reached target Slices.
[[0;32m  OK  [0m] Reached target Slices.
[    5.575720] systemd[1]: Starting Set console keymap...
         Starting Set console keymap...
[    5.578292] iscsi: registered transport (tcp)
[    5.579759] systemd[1]: Mounted Huge Pages File System.
[[0;32m  OK  [0m] Mounted Huge Pages File System.
[    5.590916] systemd[1]: Mounted POSIX Message Queue File System.
[[0;32m  OK  [0m] Mounted POSIX Message Queue File System.
[    5.594513] systemd[1]: Mounted Debug File System.
[[0;32m  OK  [0m] Mounted Debug File System.
[    5.619499] systemd[1]: Started Create list of required static device nodes for the current kernel.
[[0;32m  OK  [0m] Started Create list of required sta...ce nodes for the current kernel.
[    5.627367] systemd[1]: Started File System Check on Root Device.
[[0;32m  OK  [0m] Started File System Check on Root Device.
[    5.635466] systemd[1]: Started Uncomplicated firewall.
[    5.637414] iscsi: registered transport (iser)
[[0;32m  OK  [0m] Started Uncomplicated firewall.
[    5.651390] systemd[1]: Started Load Kernel Modules.
[[0;32m  OK  [0m] Started Load Kernel Modules.
[    5.675288] systemd[1]: Started Nameserver information manager.
[[0;32m  OK  [0m] Started Nameserver information manager.
[    5.680190] systemd[1]: Started Journal Service.
[[0;32m  OK  [0m] Started Journal Service.
[[0;32m  OK  [0m] Started File System Check Daemon to report status.
[[0;32m  OK  [0m] Started LVM2 metadata daemon.
         Mounting FUSE Control File System...
         Starting Apply Kernel Variables...
         Starting Remount Root and Kernel File Systems...
         Starting Create Static Device Nodes in /dev...
[[0;32m  OK  [0m] Mounted FUSE Control File System.
[[0;32m  OK  [0m] Started Set console keymap.
[    5.713524] EXT4-fs (sda1): re-mounted. Opts: (null)
[[0;32m  OK  [0m] Started Remount Root and Kernel File Systems.
         Starting udev Coldplug all Devices...
         Starting Flush Journal to Persistent Storage...
         Starting Load/Save Random Seed...
[[0;32m  OK  [0m] Started Apply Kernel Variables.
[[0;32m  OK  [0m] Started Create Static Device Nodes in /dev.
         Starting udev Kernel Device Manager...
[[0;32m  OK  [0m] Started Load/Save Random Seed.
[[0;32m  OK  [0m] Started Flush Journal to Persistent Storage.
[[0;32m  OK  [0m] Started udev Kernel Device Manager.
[[0;32m  OK  [0m] Started udev Coldplug all Devices.
[[0;32m  OK  [0m] Started Dispatch Password Requests to Console Directory Watch.
[[0;32m  OK  [0m] Started Monitoring of LVM2 mirrors,...ng dmeventd or progress polling.
[[0;32m  OK  [0m] Reached target Local File Systems (Pre).
[[0;32m  OK  [0m] Reached target Local File Systems.
         Starting Create Volatile Files and Directories...
         Starting LSB: AppArmor initialization...
         Starting Set console font and keymap...
         Starting Initial cloud-init job (pre-networking)...
         Starting Tell Plymouth To Write Out Runtime Data...
         Starting Commit a transient machine-id on disk...
[[0;32m  OK  [0m] Started Create Volatile Files and Directories.
         Starting Update UTMP about System Boot/Shutdown...
[[0;32m  OK  [0m] Started Tell Plymouth To Write Out Runtime Data.
[[0;32m  OK  [0m] Started Update UTMP about System Boot/Shutdown.
[[0;32m  OK  [0m] Started Commit a transient machine-id on disk.
[[0;32m  OK  [0m] Found device /dev/ttyS0.
[[0;32m  OK  [0m] Listening on Load/Save RF Kill Switch Status /dev/rfkill Watch.
[[0;32m  OK  [0m] Started Set console font and keymap.
[    7.335903] cloud-init[498]: Cloud-init v. 21.1-19-gbad84ad4-0ubuntu1~16.04.2 running 'init-local' at Fri, 22 Apr 2022 16:33:01 +0000. Up 6.75 seconds.
[[0;32m  OK  [0m] Started Initial cloud-init job (pre-networking).
[[0;32m  OK  [0m] Reached target Network (Pre).
[[0;32m  OK  [0m] Created slice system-getty.slice.
[[0;32m  OK  [0m] Started LSB: AppArmor initialization.
         Starting Load AppArmor profiles managed internally by snapd...
         Starting Raise network interfaces...
[[0;32m  OK  [0m] Started Load AppArmor profiles managed internally by snapd.
[[0;32m  OK  [0m] Started Raise network interfaces.
[[0;32m  OK  [0m] Reached target Network.
         Starting Initial cloud-init job (metadata service crawler)...
[    9.781022] cloud-init[962]: Cloud-init v. 21.1-19-gbad84ad4-0ubuntu1~16.04.2 running 'init' at Fri, 22 Apr 2022 16:33:03 +0000. Up 9.14 seconds.
[    9.788369] cloud-init[962]: ci-info: ++++++++++++++++++++++++++++++++++++++Net device info+++++++++++++++++++++++++++++++++++++++
[    9.789937] cloud-init[962]: ci-info: +--------+-------+----------------------------+---------------+--------+-------------------+
[    9.791804] cloud-init[962]: ci-info: | Device |   Up  |          Address           |      Mask     | Scope  |     Hw-Address    |
[    9.793378] cloud-init[962]: ci-info: +--------+-------+----------------------------+---------------+--------+-------------------+
[    9.794743] cloud-init[962]: ci-info: | enp0s3 |  True |         10.0.2.15          | 255.255.255.0 | global | 02:be:82:6b:cc:1d |
[    9.800479] cloud-init[962]: ci-info: | enp0s3 |  True | fe80::be:82ff:fe6b:cc1d/64 |       .       |  link  | 02:be:82:6b:cc:1d |
[    9.802175] cloud-init[962]: ci-info: | enp0s8 | False |             .              |       .       |   .    | 08:00:27:16:39:d3 |
[    9.803940] cloud-init[962]: ci-info: |   lo   |  True |         127.0.0.1          |   255.0.0.0   |  host  |         .         |
[    9.805663] cloud-init[962]: ci-info: |   lo   |  True |          ::1/128           |       .       |  host  |         .         |
[    9.806818] cloud-init[962]: ci-info: +--------+-------+----------------------------+---------------+--------+-------------------+
[    9.808050] cloud-init[962]: ci-info: +++++++++++++++++++++++++++Route IPv4 info++++++++++++++++++++++++++++
[    9.816494] cloud-init[962]: ci-info: +-------+-------------+----------+---------------+-----------+-------+
[    9.824558] cloud-init[962]: ci-info: | Route | Destination | Gateway  |    Genmask    | Interface | Flags |
[    9.825832] cloud-init[962]: ci-info: +-------+-------------+----------+---------------+-----------+-------+
[    9.832402] cloud-init[962]: ci-info: |   0   |   0.0.0.0   | 10.0.2.2 |    0.0.0.0    |   enp0s3  |   UG  |
[[0;32m  OK  [0m] Started Initial cloud-init job (metadata service crawler).
[[0;32m  OK  [0m] Reached target System Initialization.
[[0;32m  OK  [0m] Listening on ACPID Listen Socket.
[[0;32m  OK  [0m] Listening on UUID daemon activation socket.
[[0;32m  OK  [0m] Started Daily apt download activities.
[    9.841247] cloud-init[962]: ci-info: |   1   |   10.0.2.0  | 0.0.0.0  | 255.255.255.0 |   enp0s3  |   U   |
[    9.849835] cloud-init[962]: ci-info: +-------+-------------+----------+---------------+-----------+-------+
         Starting LXD - unix socket.
[[0;32m  OK  [0m] Started Daily apt upgrade and clean activities.
[[0;32m  OK  [0m] Started Ubuntu Advantage update messaging.
[[0;32m  OK  [0m] Started Daily Cleanup of Temporary Directories.
[    9.853113] cloud-init[962]: ci-info: +++++++++++++++++++Route IPv6 info+++++++++++++++++++
[[0;32m  OK  [0m] Listening on D-Bus System Message Bus Socket.
[    9.858045] cloud-init[962]: ci-info: +-------+-------------+---------+-----------+-------+
         Starting Socket activation for snappy daemon.
[    9.860615] cloud-init[962]: ci-info: | Route | Destination | Gateway | Interface | Flags |
[[0;32m  OK  [0m] Started ACPI Events Check.
[[0;32m  OK  [0m] Reached target Paths.
[[0;32m  OK  [0m] Started Message of the Day.
[[0;32m  OK  [0m] Reached target Timers.
[[0;32m  OK  [0m] Reached target Network is Online.
[    9.862139] cloud-init[962]: ci-info: +-------+-------------+---------+-----------+-------+
[    9.867805] cloud-init[962]: ci-info: |   0   |  fe80::/64  |    ::   |   enp0s3  |   U   |
         Starting iSCSI initiator daemon (iscsid)...
[    9.878734] cloud-init[962]: ci-info: |   3   |   ff00::/8  |    ::   |   enp0s3  |   U   |
[[0;32m  OK  [0m] Reached target Cloud-config availability.
[[0;32m  OK  [0m] Listening on LXD - unix socket.
[[0;32m  OK  [0m] Listening on Socket activation for snappy daemon.
[    9.889651] cloud-init[962]: ci-info: +-------+-------------+---------+-----------+-------+
[    9.899432] cloud-init[962]: Generating public/private rsa key pair.
[    9.900631] cloud-init[962]: Your identification has been saved in /etc/ssh/ssh_host_rsa_key.
[    9.902174] cloud-init[962]: Your public key has been saved in /etc/ssh/ssh_host_rsa_key.pub.
[    9.904359] cloud-init[962]: The key fingerprint is:
[    9.905512] cloud-init[962]: SHA256:2zA5BoodaGfaewCb9DwRclXOZDw6y8y719BEmyFOfjk root@ubuntu-xenial
[    9.906821] cloud-init[962]: The key's randomart image is:
[[0;32m  OK  [0m] Reached target Sockets.
[[0;32m  OK  [0m] Reached target Basic System.
         Starting LSB: Record successful boot for GRUB...
         Starting System Logging Service...
         Starting Accounts Service...
[[0;32m  OK  [0m] Started Deferred execution scheduler.
[    9.907918] cloud-init[962]: +---[RSA 2048]----+
[[0;32m  OK  [0m] Started FUSE filesystem for LXC.
[[0;32m  OK  [0m] Started ACPI event daemon.
         Starting Virtualbox guest utils...
[    9.919636]          Starting LXD - container startup/shutdown...
         Starting LSB: MD monitoring daemon...
cloud-init[962]: |  . o..o+        |
[    9.928629]          Starting Snap Daemon...
         Starting /etc/rc.local Compatibility...
[[0;32m  OK  [0m] Started Regular background program processing daemon.
[[0;32m  OK  [0m] Started D-Bus System Message Bus.
cloud-init[962]: |   + . == o      |
[    9.956192] cloud-init[962]: |  = = .=o+ =     |
[    9.958070] cloud-init[962]: | o & +o.o.E      |
[    9.958979] cloud-init[962]: |  = O+ oS+ .     |
[    9.960699] cloud-init[962]: |     +=..*.      |
[    9.962307] cloud-init[962]: |    . ...o.      |
[    9.964799] cloud-init[962]: |     .. . .      |
[    9.972270] cloud-init[962]: |      .o         |
[    9.973405] cloud-init[962]: +----[SHA256]-----+
[    9.981780] cloud-init[962]: Generating public/private dsa key pair.
[    9.986546] cloud-init[962]: Your identification has been saved in /etc/ssh/ssh_host_dsa_key.
[    9.989973] cloud-init[962]: Your public key has been saved in /etc/ssh/ssh_host_dsa_key.pub.
[    9.996327] cloud-init[962]: The key fingerprint is:
[    9.998105] cloud-init[962]: SHA256:5yDhBFAcsTzey31v8pr08RiKXqfTGeef/0nMIV/lsaY root@ubuntu-xenial
[   10.000123] cloud-init[962]: The key's randomart image is:
[   10.008743] cloud-init[962]: +---[DSA 1024]----+
[   10.017052] cloud-init[962]: |  .+=o           |
[   10.024935] cloud-init[962]: |   ..o           |
[   10.026295] cloud-init[962]: |    + o        ..|
[   10.027713] cloud-init[962]: |   . = .       .+|
         Starting Pollinate to seed the pseudo random number generator...
         Starting Login Service...
[[0;32m  OK  [0m] Started System Logging Service.
[[0;32m  OK  [0m] Started iSCSI initiator daemon (iscsid).
[[0;32m  OK  [0m] Started /etc/rc.local Compatibility.
[   10.043359] cloud-init[962]: |    . + S .  . +o|
[   10.057392] cloud-init[962]: |     . + +  . O o|
[   10.058931] cloud-init[962]: |      o . =.+E = |         Starting Authenticate and Authorize Users to Run Privileged Tasks...
         Starting Login to default iSCSI targets...

[   10.070834] cloud-init[962]: |         =oB+=o o|
[   10.074235] cloud-init[962]: |       .o =*= .+*|
[[0;32m  OK  [0m] Started Login Service.
[   10.121476] cloud-init[962]: +----[SHA256]-----+
[   10.125474] [[0;32m  OK  [0m] Started LSB: Record successful boot for GRUB.
cloud-init[962]: Generating public/private ecdsa key pair.
[   10.128411] cloud-init[962]: Your identification has been saved in /etc/ssh/ssh_host_ecdsa_key.
[   10.132348] cloud-init[962]: Your public key has been saved in /etc/ssh/ssh_host_ecdsa_key.pub.
[   10.145760] cloud-init[962]: The key fingerprint is:
[   10.147994] cloud-init[962]: SHA256:h4ufpDaBEMkLtDLBb7YcJR7UM815/jxaE08KIrFyiWg root@ubuntu-xenial
[   10.151043] cloud-init[[0;32m  OK  [0m] Started Unattended Upgrades Shutdown.
[962]: The key's randomart image is:
[   10.174141] [[0;32m  OK  [0m] Started LSB: MD monitoring daemon.
[[0;32m  OK  [0m] Started Authenticate and Authorize Users to Run Privileged Tasks.
[[0;32m  OK  [0m] Started Accounts Service.
cloud-init[962]: +---[ECDSA 256]---+
[   10.181099] cloud-init[962]: |+o.o. o .        |
[   10.185865] cloud-init[962]: |.o=o * + .       |
[   10.194431] [[0;32m  OK  [0m] Started Login to default iSCSI targets.
[[0;32m  OK  [0m] Reached target Remote File Systems (Pre).
[[0;32m  OK  [0m] Reached target Remote File Systems.
         Starting Permit User Sessions...
         Starting LSB: Set the CPU Frequency Scaling governor to "ondemand"...
cloud-init[962]: |oo+o= * o        |
[   10.198868] cloud-init[962]: |.EoO = . + . .   |
         Starting LSB: automatic crash report generation...
         Starting LSB: daemon to balance interrupts for SMP systems...
[   10.207330] cloud-init[962]: |. +.=.. S = =    |
[[0;32m  OK  [0m] Started LXD - container startup/shutdown.
[   10.218907] cloud-init[962]: [[0;32m  OK  [0m] Started Permit User Sessions.
|   o. .. o B .   |
[   10.226600] cloud-init[962]: |      ..o o o    |
[   10.227812] cloud-init[962]: |      o+ o       |
[   10.229956] cloud-init[962]: |     ...o        |
[   10.233223] cloud-init[962]: +----[SHA256]-----+
[   10.240077]          Starting Hold until boot process finishes up...
         Starting Terminate Plymouth Boot Screen...
cloud-init[962]: [[0;32m  OK  [0m] Started Virtualbox guest utils.
[[0;32m  OK  [0m] Started Hold until boot process finishes up.
Generating public/private ed25519 key pair.
         Starting Set console scheme...
[   10.251844] cloud-init[962]: Your identification has been saved in /etc/ssh/ssh_host_ed25519_key.[[0;32m  OK  [0m] Started Getty on tty1.
[[0;32m  OK  [0m] Started Serial Getty on ttyS0.
[[0;32m  OK  [0m] Reached target Login Prompts.
[[0;32m  OK  [0m] Started Terminate Plymouth Boot Screen.
[[0;32m  OK  [0m] Started Set console scheme.
[[0;32m  OK  [0m] Started LSB: Set the CPU Frequency Scaling governor to "ondemand".

[   10.274437] cloud-init[962]: Your public key has been saved in /etc/ssh/ssh_host_ed25519_key.pub.
[[0;32m  OK  [0m] Started LSB: automatic crash report generation.
[   10.279481] cloud-init[962]: The key fingerprint is:
[   10.285282] cloud-init[962]: SHA256:bkSN1WRUz/ex9VTwx/NSx+VsFpW/uIr2qpfPzzQ9Vg8 root@ubuntu-xenial
[   10.287894] [[0;32m  OK  [0m] Started LSB: daemon to balance interrupts for SMP systems.
cloud-init[962]: The key's randomart image is:
[   10.289999] cloud-init[962]: +--[ED25519 256]--+
[   10.291083] cloud-init[962]: |          .++.oo*|
[   10.292303] cloud-init[962]: |         + ..  X+|
[   10.294568] cloud-init[962]: |        o .    o^|
[   10.297924] cloud-init[962]: |       .       =&|
[   10.299337] cloud-init[962]: |        S     E.*|
[   10.300584] cloud-init[962]: |       o     ..+o|
[   10.302858] cloud-init[962]: |        o .  o.+.|
[   10.303879] cloud-init[962]: |       . +o o.o .|
[   10.305047] cloud-init[962]: |       .+o+=oo   |
[   10.319255] cloud-init[962]: +----[SHA256]-----+
[[0;32m  OK  [0m] Started Snap Daemon.
         Starting Wait until snapd is fully seeded...
[[0;32m  OK  [0m] Started Pollinate to seed the pseudo random number generator.
         Starting OpenBSD Secure Shell server...
[[0;32m  OK  [0m] Started OpenBSD Secure Shell server.
[[0;32m  OK  [0m] Started Wait until snapd is fully seeded.
         Starting Apply the settings specified in cloud-config...
[[0;32m  OK  [0m] Reached target Multi-User System.
[[0;32m  OK  [0m] Reached target Graphical Interface.
         Starting Update UTMP about System Runlevel Changes...
[[0;32m  OK  [0m] Started Update UTMP about System Runlevel Changes.
[   11.639197] cloud-init[1314]: Generating locales (this might take a while)...
[[0;32m  OK  [0m] Created slice User Slice of vagrant.
         Starting User Manager for UID 1000...
[[0;32m  OK  [0m] Started Session 1 of user vagrant.
[[0;32m  OK  [0m] Started User Manager for UID 1000.
[   12.706280] cloud-init[1314]:   en_US.UTF-8... done
[   12.712535] cloud-init[1314]: Generation complete.
[   13.153361] cloud-init[1314]: Cloud-init v. 21.1-19-gbad84ad4-0ubuntu1~16.04.2 running 'modules:config' at Fri, 22 Apr 2022 16:33:06 +0000. Up 11.45 seconds.
[[0;32m  OK  [0m] Started Apply the settings specified in cloud-config.
         Starting Execute cloud user/final scripts...
ci-info: no authorized SSH keys fingerprints found for user ubuntu.
<14>Apr 22 16:33:08 ec2: 
<14>Apr 22 16:33:08 ec2: #############################################################
<14>Apr 22 16:33:08 ec2: -----BEGIN SSH HOST KEY FINGERPRINTS-----
<14>Apr 22 16:33:08 ec2: 1024 SHA256:5yDhBFAcsTzey31v8pr08RiKXqfTGeef/0nMIV/lsaY root@ubuntu-xenial (DSA)
<14>Apr 22 16:33:08 ec2: 256 SHA256:h4ufpDaBEMkLtDLBb7YcJR7UM815/jxaE08KIrFyiWg root@ubuntu-xenial (ECDSA)
<14>Apr 22 16:33:08 ec2: 256 SHA256:bkSN1WRUz/ex9VTwx/NSx+VsFpW/uIr2qpfPzzQ9Vg8 root@ubuntu-xenial (ED25519)
<14>Apr 22 16:33:08 ec2: 2048 SHA256:2zA5BoodaGfaewCb9DwRclXOZDw6y8y719BEmyFOfjk root@ubuntu-xenial (RSA)
<14>Apr 22 16:33:08 ec2: -----END SSH HOST KEY FINGERPRINTS-----
<14>Apr 22 16:33:08 ec2: #############################################################
-----BEGIN SSH HOST KEY KEYS-----
ecdsa-sha2-nistp256 AAAAE2VjZHNhLXNoYTItbmlzdHAyNTYAAAAIbmlzdHAyNTYAAABBBCA1Jw19alPFocY2YKyGoJsL+hSx36fYajnZvetKACbvekRQrYP52nZp8m53IIMhm4RH19LDTKU92gqLRdhn5Xw= root@ubuntu-xenial
ssh-ed25519 AAAAC3NzaC1lZDI1NTE5AAAAIKIPlSGaTSQL5mzpF1+PJjz72J0Lk2z1hF+1UztJCfTo root@ubuntu-xenial
ssh-rsa AAAAB3NzaC1yc2EAAAADAQABAAABAQCu76/RRVvJS5q6kdj+qCeIlgJhhitVpkGkjVSI/fGU4Ehm4/dV7OHiRqTantwzY8eZHrXSWGOu29h22Uz8SZKkiGW9KFnhMrPYcHChxzKws/fNJTy/Rwx6C3Ndx9BR46dwJfDKmA4mdQVykfuJ73LTjLaByFXp5Xs3pJZE6ed5CLMJ7A65eSupL3OCz7VO6uDvloNjtxTQf8lADniNZvagMJuz4AINR9FZBIeKKyMKGAVDYBe02G5fQ263pLXiyVhOxH2jsjBUqUkOqzXWkQIKzPzu3Qc83pdPwxMCUJML7FlAe2I3kLJA2IYmX7lfeEKxwYSQFpsR7yd5nU+0c9qt root@ubuntu-xenial
-----END SSH HOST KEY KEYS-----
[   14.005545] cloud-init[1456]: Cloud-init v. 21.1-19-gbad84ad4-0ubuntu1~16.04.2 running 'modules:final' at Fri, 22 Apr 2022 16:33:08 +0000. Up 13.76 seconds.
[   14.008538] cloud-init[1456]: ci-info: no authorized SSH keys fingerprints found for user ubuntu.
[   14.010564] cloud-init[1456]: Cloud-init v. 21.1-19-gbad84ad4-0ubuntu1~16.04.2 finished at Fri, 22 Apr 2022 16:33:08 +0000. Datasource DataSourceNoCloud [seed=/dev/sdb][dsmode=net].  Up 13.99 seconds
[[0;32m  OK  [0m] Started Execute cloud user/final scripts.
[[0;32m  OK  [0m] Reached target Cloud-init target.

Ubuntu 16.04.7 LTS ubuntu-xenial ttyS0

ubuntu-xenial login: 